Load data successfully! [Wed May  1 22:40:29 2024]
Load data successfully! [Wed May  1 22:41:42 2024]
Load data successfully! [Wed May  1 22:44:22 2024]
End! [Wed May  1 22:44:22 2024]
Load data successfully! [Wed May  1 22:46:28 2024]
Test 2 [Wed May  1 22:46:29 2024]
Load data successfully! [Wed May  1 22:47:42 2024]
Test 230 28 [Wed May  1 22:47:42 2024]
Load data successfully! [Wed May  1 22:49:02 2024]
Test 248 37 [Wed May  1 22:49:30 2024]
Test 230 37 [Wed May  1 23:05:51 2024]
Test 230 37 [Wed May  1 23:06:00 2024]
Test 235 37 [Wed May  1 23:07:11 2024]
Test 1 [Wed May  1 23:23:56 2024]
Test 1 [Wed May  1 23:24:29 2024]
Test 1 [Thu May  2 15:04:33 2024]
Test 250 26 [Thu May  2 15:06:45 2024]
Test 230 37 [Thu May  2 15:07:34 2024]
Test 230 37 [Thu May  2 15:09:01 2024]
Test 250 24 [Thu May  2 15:09:40 2024]
Test 230 37 [Thu May  2 15:09:57 2024]
Test 250 21 [Thu May  2 15:10:20 2024]
Test 230 37 [Thu May  2 15:10:41 2024]
Test 250 15 [Thu May  2 15:11:26 2024]
Test 250 26 [Thu May  2 17:03:11 2024]
Test 250 25 [Thu May  2 17:03:53 2024]
