d:\vs2022\test\officialsnake (canload)\officialsnake\official\x64\debug\vc143.pdb
d:\vs2022\test\officialsnake (canload)\officialsnake\official\x64\debug\vc143.idb
d:\vs2022\test\officialsnake (canload)\officialsnake\official\x64\debug\sound.obj
d:\vs2022\test\officialsnake (canload)\officialsnake\official\x64\debug\header.obj
d:\vs2022\test\officialsnake (canload)\officialsnake\official\x64\debug\menu.obj
d:\vs2022\test\officialsnake (canload)\officialsnake\official\x64\debug\snake.obj
d:\vs2022\test\officialsnake (canload)\officialsnake\official\x64\debug\setup.obj
d:\vs2022\test\officialsnake (canload)\officialsnake\official\x64\debug\loadgame.obj
d:\vs2022\test\officialsnake (canload)\officialsnake\official\x64\debug\level.obj
d:\vs2022\test\officialsnake (canload)\officialsnake\official\x64\debug\highscore.obj
d:\vs2022\test\officialsnake (canload)\officialsnake\official\x64\debug\graphics.obj
d:\vs2022\test\officialsnake (canload)\officialsnake\x64\debug\official.exe
d:\vs2022\test\officialsnake (canload)\officialsnake\x64\debug\official.pdb
d:\vs2022\test\officialsnake (canload)\officialsnake\official\x64\debug\official.ilk
d:\vs2022\test\officialsnake (canload)\officialsnake\official\x64\debug\official.tlog\cl.command.1.tlog
d:\vs2022\test\officialsnake (canload)\officialsnake\official\x64\debug\official.tlog\cl.items.tlog
d:\vs2022\test\officialsnake (canload)\officialsnake\official\x64\debug\official.tlog\cl.read.1.tlog
d:\vs2022\test\officialsnake (canload)\officialsnake\official\x64\debug\official.tlog\cl.write.1.tlog
d:\vs2022\test\officialsnake (canload)\officialsnake\official\x64\debug\official.tlog\link.command.1.tlog
d:\vs2022\test\officialsnake (canload)\officialsnake\official\x64\debug\official.tlog\link.read.1.tlog
d:\vs2022\test\officialsnake (canload)\officialsnake\official\x64\debug\official.tlog\link.secondary.1.tlog
d:\vs2022\test\officialsnake (canload)\officialsnake\official\x64\debug\official.tlog\link.write.1.tlog
